This is pdfTeX, Version 3.14159265-2.6-1.40.16 (TeX Live 2015) (preloaded format=pdflatex 2015.11.18)  6 DEC 2015 23:28
entering extended mode
 restricted \write18 enabled.
 %&-line parsing enabled.
**template_Report.tex
(./template_Report.tex
LaTeX2e <2015/10/01> patch level 2
Babel <3.9m> and hyphenation patterns for 79 languages loaded.
(/usr/local/texlive/2015/texmf-dist/tex/latex/base/report.cls
Document Class: report 2014/09/29 v1.4h Standard LaTeX document class
(/usr/local/texlive/2015/texmf-dist/tex/latex/base/size10.clo
File: size10.clo 2014/09/29 v1.4h Standard LaTeX file (size option)
)
\c@part=\count79
\c@chapter=\count80
\c@section=\count81
\c@subsection=\count82
\c@subsubsection=\count83
\c@paragraph=\count84
\c@subparagraph=\count85
\c@figure=\count86
\c@table=\count87
\abovecaptionskip=\skip41
\belowcaptionskip=\skip42
\bibindent=\dimen102
)
(./template_Report.aux)
\openout1 = `template_Report.aux'.

LaTeX Font Info:    Checking defaults for OML/cmm/m/it on input line 11.
LaTeX Font Info:    ... okay on input line 11.
LaTeX Font Info:    Checking defaults for T1/cmr/m/n on input line 11.
LaTeX Font Info:    ... okay on input line 11.
LaTeX Font Info:    Checking defaults for OT1/cmr/m/n on input line 11.
LaTeX Font Info:    ... okay on input line 11.
LaTeX Font Info:    Checking defaults for OMS/cmsy/m/n on input line 11.
LaTeX Font Info:    ... okay on input line 11.
LaTeX Font Info:    Checking defaults for OMX/cmex/m/n on input line 11.
LaTeX Font Info:    ... okay on input line 11.
LaTeX Font Info:    Checking defaults for U/cmr/m/n on input line 11.
LaTeX Font Info:    ... okay on input line 11.
LaTeX Font Info:    External font `cmex10' loaded for size
(Font)              <12> on input line 12.
LaTeX Font Info:    External font `cmex10' loaded for size
(Font)              <8> on input line 12.
LaTeX Font Info:    External font `cmex10' loaded for size
(Font)              <6> on input line 12.
 [1

{/usr/local/texlive/2015/texmf-var/fonts/map/pdftex/updmap/pdftex.map}] [1]
Underfull \hbox (badness 10000) in paragraph at lines 28--29

 []

LaTeX Font Info:    External font `cmex10' loaded for size
(Font)              <7> on input line 45.
LaTeX Font Info:    External font `cmex10' loaded for size
(Font)              <5> on input line 45.

Overfull \hbox (6.88739pt too wide) in paragraph at lines 45--45
[]\OT1/cmr/m/n/10 A group from AM-BIT (Al-go-rithms and Mod-els for Build-ing c
ontext-dependent
 []

[1]
Overfull \hbox (6.86177pt too wide) in paragraph at lines 49--49
[]\OT1/cmr/m/n/10 As far back as 2005 Sheng and Be-na-tal-lah in-tro-duced an e
n-tire UML-modelling
 []

[2] [3]
Missing character: There is no Ã in font cmr10!
Missing character: There is no © in font cmr10!

Underfull \hbox (badness 3068) in paragraph at lines 116--119
\OT1/cmr/m/n/10 On Pro-ceed-ings of the Fourth In-ter-na-tional ICST Con-fer-en
ce on
 []


Underfull \hbox (badness 3219) in paragraph at lines 116--119
\OT1/cmr/m/n/10 COM-mu-ni-ca-tion Sys-tem soft-WAre and mid-dle-waRE (COM-SWARE

 []


Underfull \hbox (badness 5832) in paragraph at lines 116--119
\OT1/cmr/m/n/10 '09). ACM, New York, NY, USA, , Ar-ti-cle 14 , 12 pages.
 []


Underfull \hbox (badness 6204) in paragraph at lines 121--122
[]\OT1/cmr/m/n/10 Mark Weiser. 1999. The com-puter for the 21st cen-tury. SIG-
 []


Underfull \hbox (badness 2671) in paragraph at lines 121--122
\OT1/cmr/m/n/10 MO-BILE Mob. Com-put. Com-mun. Rev. 3, 3 (July 1999), 3-11.
 []


Underfull \hbox (badness 1303) in paragraph at lines 124--125
\OT1/cmr/m/n/10 di-ary ex-am-ple. Mob. Netw. Appl. 14, 1 (Febru-ary 2009), 107-
119.
 []


Underfull \hbox (badness 3108) in paragraph at lines 137--138
[]\OT1/cmr/m/n/10 Lina Yao and Quan Z. Sheng. 2012. Ex-ploit-ing la-tent rel-e-
vance
 []


Underfull \hbox (badness 1831) in paragraph at lines 137--138
\OT1/cmr/m/n/10 for re-la-tional learn-ing of ubiq-ui-tous things. In Pro-ceed-
ings of the
 []


Underfull \hbox (badness 2726) in paragraph at lines 137--138
\OT1/cmr/m/n/10 21st ACM in-ter-na-tional con-fer-ence on In-for-ma-tion and kn
owl-edge
 []


Underfull \hbox (badness 1642) in paragraph at lines 137--138
\OT1/cmr/m/n/10 man-age-ment (CIKM '12). ACM, New York, NY, USA, 1547-1551.
 []

[4

]
Underfull \hbox (badness 1127) in paragraph at lines 140--141
[]\OT1/cmr/m/n/10 Theodore Dala-m-a-gas, Nikos Bikakis, George Pa-paste-fanatos
, Yan-nis
 []

[5] (./template_Report.aux) ) 
Here is how much of TeX's memory you used:
 261 strings out of 493054
 2834 string characters out of 6134759
 57374 words of memory out of 5000000
 3858 multiletter control sequences out of 15000+600000
 8540 words of font info for 30 fonts, out of 8000000 for 9000
 1141 hyphenation exceptions out of 8191
 24i,8n,17p,698b,209s stack positions out of 5000i,500n,10000p,200000b,80000s
</usr/local/texlive/2015/texmf-dist/fonts/type1/pu
blic/amsfonts/cm/cmbx10.pfb></usr/local/texlive/2015/texmf-dist/fonts/type1/pub
lic/amsfonts/cm/cmbx12.pfb></usr/local/texlive/2015/texmf-dist/fonts/type1/publ
ic/amsfonts/cm/cmr10.pfb></usr/local/texlive/2015/texmf-dist/fonts/type1/public
/amsfonts/cm/cmr12.pfb></usr/local/texlive/2015/texmf-dist/fonts/type1/public/a
msfonts/cm/cmr17.pfb></usr/local/texlive/2015/texmf-dist/fonts/type1/public/ams
fonts/cm/cmr6.pfb></usr/local/texlive/2015/texmf-dist/fonts/type1/public/amsfon
ts/cm/cmr7.pfb></usr/local/texlive/2015/texmf-dist/fonts/type1/public/amsfonts/
cm/cmr8.pfb></usr/local/texlive/2015/texmf-dist/fonts/type1/public/amsfonts/cm/
cmti10.pfb>
Output written on template_Report.pdf (7 pages, 117742 bytes).
PDF statistics:
 64 PDF objects out of 1000 (max. 8388607)
 45 compressed objects within 1 object stream
 0 named destinations out of 1000 (max. 500000)
 1 words of extra memory for PDF output out of 10000 (max. 10000000)

